{
    "1395584850405643200": {
        "Index": 1395584850405643200,
        "Data": "LOG",
        "Commit": true
    },
    "1395584870685877300": {
        "Index": 1395584870685877300,
        "Data": "LOG",
        "Commit": true
    },
    "1395585778216934700": {
        "Index": 1395585778216934700,
        "Data": "LOG",
        "Commit": true
    },
    "1395585778770419900": {
        "Index": 1395585778770419900,
        "Data": "LOG",
        "Commit": true
    },
    "1395587280732914400": {
        "Index": 1395587280732914400,
        "Data": "LOG",
        "Commit": true
    }
}