{
    "1395584692681880500": {
        "Index": 1395584692681880500,
        "Data": "LOG",
        "Commit": true
    },
    "1395584870685877300": {
        "Index": 1395584870685877300,
        "Data": "LOG",
        "Commit": true
    },
    "1395585778216934700": {
        "Index": 1395585778216934700,
        "Data": "LOG",
        "Commit": true
    },
    "1395585778770419900": {
        "Index": 1395585778770419900,
        "Data": "LOG",
        "Commit": true
    },
    "1395586840659224600": {
        "Index": 1395586840659224600,
        "Data": "LOG",
        "Commit": true
    },
    "1395587280732914400": {
        "Index": 1395587280732914400,
        "Data": "LOG",
        "Commit": true
    }
}